{"level":"info","message":"::1 - - [Sat, 23 Apr 2016 02:01:37 GMT] \"GET /employee HTTP/1.1\" 304 - \"-\" \"Mozilla/5.0 (Windows NT 10.0; WOW64) AppleWebKit/537.36 (KHTML, like Gecko) Chrome/49.0.2623.112 Safari/537.36\"\n","timestamp":"2016-04-23T02:01:37.756Z"}
{"level":"info","message":"::1 - - [Sat, 23 Apr 2016 02:01:37 GMT] \"GET /stylesheets/style.css HTTP/1.1\" 304 - \"http://localhost:3000/employee\" \"Mozilla/5.0 (Windows NT 10.0; WOW64) AppleWebKit/537.36 (KHTML, like Gecko) Chrome/49.0.2623.112 Safari/537.36\"\n","timestamp":"2016-04-23T02:01:37.877Z"}
{"name":"xxx","password":"54xxx","gender":"f","birth":"1990-01-01","locate":"0,0","idnum":"123456199001011234","type":"la","level":"info","message":"","timestamp":"2016-04-23T02:02:04.460Z"}
{"level":"info","message":"db config => D:\\Node.js\\project\\housekeeper\\config\\localdb.json","timestamp":"2016-04-23T02:02:04.462Z"}
{"level":"info","message":"url => mongodb://127.0.0.1:27017/housekeeper","timestamp":"2016-04-23T02:02:04.467Z"}
{"level":"info","message":"data - 54xxx \ntype - string","timestamp":"2016-04-23T02:02:04.514Z"}
{"level":"info","message":"::1 - - [Sat, 23 Apr 2016 02:02:04 GMT] \"POST /employee/reg HTTP/1.1\" 200 154 \"http://localhost:3000/employee\" \"Mozilla/5.0 (Windows NT 10.0; WOW64) AppleWebKit/537.36 (KHTML, like Gecko) Chrome/49.0.2623.112 Safari/537.36\"\n","timestamp":"2016-04-23T02:02:04.520Z"}
{"level":"info","message":"::1 - - [Sat, 23 Apr 2016 02:02:46 GMT] \"GET /employee/ HTTP/1.1\" 304 - \"-\" \"Mozilla/5.0 (Windows NT 10.0; WOW64) AppleWebKit/537.36 (KHTML, like Gecko) Chrome/49.0.2623.112 Safari/537.36\"\n","timestamp":"2016-04-23T02:02:46.352Z"}
{"level":"info","message":"::1 - - [Sat, 23 Apr 2016 02:02:46 GMT] \"GET /employee/ HTTP/1.1\" 304 - \"-\" \"Mozilla/5.0 (Windows NT 10.0; WOW64) AppleWebKit/537.36 (KHTML, like Gecko) Chrome/49.0.2623.112 Safari/537.36\"\n","timestamp":"2016-04-23T02:02:46.403Z"}
{"level":"info","message":"::1 - - [Sat, 23 Apr 2016 02:02:46 GMT] \"GET /stylesheets/style.css HTTP/1.1\" 304 - \"http://localhost:3000/employee/\" \"Mozilla/5.0 (Windows NT 10.0; WOW64) AppleWebKit/537.36 (KHTML, like Gecko) Chrome/49.0.2623.112 Safari/537.36\"\n","timestamp":"2016-04-23T02:02:46.487Z"}
{"level":"info","message":"db config => D:\\Node.js\\project\\housekeeper\\config\\localdb.json","timestamp":"2016-04-23T02:02:51.576Z"}
{"level":"info","message":"url => mongodb://127.0.0.1:27017/housekeeper","timestamp":"2016-04-23T02:02:51.577Z"}
{"level":"info","message":"data - 54xxx \ntype - string","timestamp":"2016-04-23T02:02:51.594Z"}
{"level":"info","message":"::1 - - [Sat, 23 Apr 2016 02:02:51 GMT] \"POST /employee/login HTTP/1.1\" 200 134 \"http://localhost:3000/employee/\" \"Mozilla/5.0 (Windows NT 10.0; WOW64) AppleWebKit/537.36 (KHTML, like Gecko) Chrome/49.0.2623.112 Safari/537.36\"\n","timestamp":"2016-04-23T02:02:51.598Z"}
{"level":"info","message":"::1 - - [Sat, 23 Apr 2016 02:40:41 GMT] \"GET /users/ HTTP/1.1\" 304 - \"-\" \"Mozilla/5.0 (Windows NT 10.0; WOW64) AppleWebKit/537.36 (KHTML, like Gecko) Chrome/49.0.2623.112 Safari/537.36\"\n","timestamp":"2016-04-23T02:40:41.888Z"}
{"level":"info","message":"::1 - - [Sat, 23 Apr 2016 02:40:41 GMT] \"GET /stylesheets/style.css HTTP/1.1\" 304 - \"http://localhost:3000/users/\" \"Mozilla/5.0 (Windows NT 10.0; WOW64) AppleWebKit/537.36 (KHTML, like Gecko) Chrome/49.0.2623.112 Safari/537.36\"\n","timestamp":"2016-04-23T02:40:41.987Z"}
{"level":"info","message":"request.username => wangweitao \nrequest.password => 54wangweitao","timestamp":"2016-04-23T02:40:53.675Z"}
{"level":"info","message":"db config => D:\\Node.js\\project\\housekeeper\\config\\localdb.json","timestamp":"2016-04-23T02:40:53.679Z"}
{"level":"info","message":"url => mongodb://127.0.0.1:27017/housekeeper","timestamp":"2016-04-23T02:40:53.681Z"}
{"level":"info","message":"data - 54wangweitao \ntype - string","timestamp":"2016-04-23T02:40:53.721Z"}
{"level":"info","message":"::1 - - [Sat, 23 Apr 2016 02:40:53 GMT] \"GET /users/signin?username=wangweitao&password=54wangweitao HTTP/1.1\" 200 71 \"-\" \"Mozilla/5.0 (Windows NT 10.0; WOW64) AppleWebKit/537.36 (KHTML, like Gecko) Chrome/49.0.2623.112 Safari/537.36\"\n","timestamp":"2016-04-23T02:40:53.786Z"}
{"level":"info","message":"::1 - - [Sat, 23 Apr 2016 02:43:01 GMT] \"GET /employee/ HTTP/1.1\" 304 - \"-\" \"Mozilla/5.0 (Windows NT 10.0; WOW64) AppleWebKit/537.36 (KHTML, like Gecko) Chrome/49.0.2623.112 Safari/537.36\"\n","timestamp":"2016-04-23T02:43:01.991Z"}
{"level":"info","message":"::1 - - [Sat, 23 Apr 2016 02:43:02 GMT] \"GET /stylesheets/style.css HTTP/1.1\" 304 - \"http://localhost:3000/employee/\" \"Mozilla/5.0 (Windows NT 10.0; WOW64) AppleWebKit/537.36 (KHTML, like Gecko) Chrome/49.0.2623.112 Safari/537.36\"\n","timestamp":"2016-04-23T02:43:02.098Z"}
{"level":"info","message":"db config => D:\\Node.js\\project\\housekeeper\\config\\localdb.json","timestamp":"2016-04-23T02:44:04.261Z"}
{"level":"info","message":"url => mongodb://127.0.0.1:27017/housekeeper","timestamp":"2016-04-23T02:44:04.263Z"}
{"level":"info","message":"data - undefined \ntype - undefined","timestamp":"2016-04-23T02:44:04.280Z"}
{"level":"info","message":"::1 - - [Sat, 23 Apr 2016 02:44:04 GMT] \"GET /employee/login?workid=j7061234?password=54lds HTTP/1.1\" 200 33 \"-\" \"Mozilla/5.0 (Windows NT 10.0; WOW64) AppleWebKit/537.36 (KHTML, like Gecko) Chrome/49.0.2623.112 Safari/537.36\"\n","timestamp":"2016-04-23T02:44:04.286Z"}
{"level":"info","message":"db config => D:\\Node.js\\project\\housekeeper\\config\\localdb.json","timestamp":"2016-04-23T02:52:47.717Z"}
{"level":"info","message":"url => mongodb://127.0.0.1:27017/housekeeper","timestamp":"2016-04-23T02:52:47.720Z"}
{"level":"info","message":"data - undefined \ntype - undefined","timestamp":"2016-04-23T02:52:47.733Z"}
{"level":"info","message":"::1 - - [Sat, 23 Apr 2016 02:52:47 GMT] \"GET /employee/login?workid=j7061234?password=54mdj HTTP/1.1\" 200 33 \"-\" \"Mozilla/5.0 (Windows NT 10.0; WOW64) AppleWebKit/537.36 (KHTML, like Gecko) Chrome/49.0.2623.112 Safari/537.36\"\n","timestamp":"2016-04-23T02:52:47.738Z"}
{"level":"info","message":"db config => D:\\Node.js\\project\\housekeeper\\config\\localdb.json","timestamp":"2016-04-23T02:53:24.051Z"}
{"level":"info","message":"url => mongodb://127.0.0.1:27017/housekeeper","timestamp":"2016-04-23T02:53:24.055Z"}
{"level":"info","message":"data - undefined \ntype - undefined","timestamp":"2016-04-23T02:53:24.063Z"}
{"level":"info","message":"::1 - - [Sat, 23 Apr 2016 02:53:24 GMT] \"GET /employee/login?workid=j7061234?password=54bb HTTP/1.1\" 200 33 \"-\" \"Mozilla/5.0 (Windows NT 10.0; WOW64) AppleWebKit/537.36 (KHTML, like Gecko) Chrome/49.0.2623.112 Safari/537.36\"\n","timestamp":"2016-04-23T02:53:24.069Z"}
{"level":"info","message":"db config => D:\\Node.js\\project\\housekeeper\\config\\localdb.json","timestamp":"2016-04-23T03:03:17.590Z"}
{"level":"info","message":"url => mongodb://127.0.0.1:27017/housekeeper","timestamp":"2016-04-23T03:03:17.592Z"}
{"level":"info","message":"data - 54bb \ntype - string","timestamp":"2016-04-23T03:03:17.606Z"}
{"level":"info","message":"::1 - - [Sat, 23 Apr 2016 03:03:17 GMT] \"GET /employee/login?workid=j7061234&password=54bb HTTP/1.1\" 200 133 \"-\" \"Mozilla/5.0 (Windows NT 10.0; WOW64) AppleWebKit/537.36 (KHTML, like Gecko) Chrome/49.0.2623.112 Safari/537.36\"\n","timestamp":"2016-04-23T03:03:17.609Z"}
